<?xml version="1.0" encoding="UTF-8"?>
<testsuite name="zerobase.weather.JdbcMemoRepositoryTest" tests="2" skipped="0" failures="0" errors="0" timestamp="2025-07-09T13:31:14.521Z" hostname="sonjiyeon-ui-MacBookAir.local" time="0.562">
  <properties/>
  <testcase name="insertMemoTest()" classname="zerobase.weather.JdbcMemoRepositoryTest" time="0.554"/>
  <testcase name="findAllMemoTest()" classname="zerobase.weather.JdbcMemoRepositoryTest" time="0.007"/>
  <system-out><![CDATA[22:31:13.613 [Test worker] INFO org.springframework.test.context.support.AnnotationConfigContextLoaderUtils -- Could not detect default configuration classes for test class [zerobase.weather.JdbcMemoRepositoryTest]: JdbcMemoRepositoryTest does not declare any static, non-private, non-final, nested classes annotated with @Configuration.
22:31:13.666 [Test worker] INFO org.springframework.boot.test.context.SpringBootTestContextBootstrapper -- Found @SpringBootConfiguration zerobase.weather.WeatherApplication for test class zerobase.weather.JdbcMemoRepositoryTest

  .   ____          _            __ _ _
 /\\ / ___'_ __ _ _(_)_ __  __ _ \ \ \ \
( ( )\___ | '_ | '_| | '_ \/ _` | \ \ \ \
 \\/  ___)| |_)| | | | | || (_| |  ) ) ) )
  '  |____| .__|_| |_|_| |_\__, | / / / /
 =========|_|==============|___/=/_/_/_/

 :: Spring Boot ::                (v3.5.3)

2025-07-09T22:31:13.890+09:00  INFO 7511 --- [weather] [    Test worker] z.weather.JdbcMemoRepositoryTest         : Starting JdbcMemoRepositoryTest using Java 17.0.8 with PID 7511 (started by sonjiyeon in /Users/sonjiyeon/Desktop/zerobase/weather)
2025-07-09T22:31:13.891+09:00  INFO 7511 --- [weather] [    Test worker] z.weather.JdbcMemoRepositoryTest         : No active profile set, falling back to 1 default profile: "default"
2025-07-09T22:31:14.514+09:00  INFO 7511 --- [weather] [    Test worker] z.weather.JdbcMemoRepositoryTest         : Started JdbcMemoRepositoryTest in 0.765 seconds (process running for 1.355)
2025-07-09T22:31:14.526+09:00  INFO 7511 --- [weather] [    Test worker] com.zaxxer.hikari.HikariDataSource       : HikariPool-1 - Starting...
2025-07-09T22:31:14.694+09:00  INFO 7511 --- [weather] [    Test worker] com.zaxxer.hikari.pool.HikariPool        : HikariPool-1 - Added connection com.mysql.cj.jdbc.ConnectionImpl@2bfa17b0
2025-07-09T22:31:14.695+09:00  INFO 7511 --- [weather] [    Test worker] com.zaxxer.hikari.HikariDataSource       : HikariPool-1 - Start completed.
[]
]]></system-out>
  <system-err><![CDATA[]]></system-err>
</testsuite>
